0 info it worked if it ends with ok
1 verbose cli [ '/nix/store/jb0k2qf3bl4lvp0p97acn0gxqipv5fdq-nodejs-6.0.0/bin/node',
1 verbose cli   '/home/gilligan/.nix-profile/bin/npm',
1 verbose cli   'run',
1 verbose cli   'test' ]
2 info using npm@3.8.6
3 info using node@v6.0.0
4 verbose run-script [ 'pretest', 'test', 'posttest' ]
5 info lifecycle smoke-test@0.0.0-dev~pretest: smoke-test@0.0.0-dev
6 silly lifecycle smoke-test@0.0.0-dev~pretest: no script for pretest, continuing
7 info lifecycle smoke-test@0.0.0-dev~test: smoke-test@0.0.0-dev
8 verbose lifecycle smoke-test@0.0.0-dev~test: unsafe-perm in lifecycle true
9 verbose lifecycle smoke-test@0.0.0-dev~test: PATH: /nix/store/jb0k2qf3bl4lvp0p97acn0gxqipv5fdq-nodejs-6.0.0/lib/node_modules/npm/bin/node-gyp-bin:/home/gilligan/smoke-test/node_modules/.bin:/nix/store/jb0k2qf3bl4lvp0p97acn0gxqipv5fdq-nodejs-6.0.0/bin:/home/gilligan/bin:/usr/local/bin:/home/gilligan/bin:/usr/local/bin:/home/gilligan/bin:/var/setuid-wrappers:/home/gilligan/.nix-profile/bin:/home/gilligan/.nix-profile/sbin:/home/gilligan/.nix-profile/lib/kde4/libexec:/nix/var/nix/profiles/default/bin:/nix/var/nix/profiles/default/sbin:/nix/var/nix/profiles/default/lib/kde4/libexec:/run/current-system/sw/bin:/run/current-system/sw/sbin:/run/current-system/sw/lib/kde4/libexec:./node_modules/.bin:/home/gilligan/.cabal/bin:./node_modules/.bin
10 verbose lifecycle smoke-test@0.0.0-dev~test: CWD: /home/gilligan/smoke-test
11 silly lifecycle smoke-test@0.0.0-dev~test: Args: [ '-c', 'mocha -t 30000 test.js' ]
12 silly lifecycle smoke-test@0.0.0-dev~test: Returned: code: 1  signal: null
13 info lifecycle smoke-test@0.0.0-dev~test: Failed to exec test script
14 verbose stack Error: smoke-test@0.0.0-dev test: `mocha -t 30000 test.js`
14 verbose stack Exit status 1
14 verbose stack     at EventEmitter.<anonymous> (/nix/store/jb0k2qf3bl4lvp0p97acn0gxqipv5fdq-nodejs-6.0.0/lib/node_modules/npm/lib/utils/lifecycle.js:239:16)
14 verbose stack     at emitTwo (events.js:106:13)
14 verbose stack     at EventEmitter.emit (events.js:191:7)
14 verbose stack     at ChildProcess.<anonymous> (/nix/store/jb0k2qf3bl4lvp0p97acn0gxqipv5fdq-nodejs-6.0.0/lib/node_modules/npm/lib/utils/spawn.js:24:14)
14 verbose stack     at emitTwo (events.js:106:13)
14 verbose stack     at ChildProcess.emit (events.js:191:7)
14 verbose stack     at maybeClose (internal/child_process.js:850:16)
14 verbose stack     at Process.ChildProcess._handle.onexit (internal/child_process.js:215:5)
15 verbose pkgid smoke-test@0.0.0-dev
16 verbose cwd /home/gilligan/smoke-test
17 error Linux 4.6.5
18 error argv "/nix/store/jb0k2qf3bl4lvp0p97acn0gxqipv5fdq-nodejs-6.0.0/bin/node" "/home/gilligan/.nix-profile/bin/npm" "run" "test"
19 error node v6.0.0
20 error npm  v3.8.6
21 error code ELIFECYCLE
22 error smoke-test@0.0.0-dev test: `mocha -t 30000 test.js`
22 error Exit status 1
23 error Failed at the smoke-test@0.0.0-dev test script 'mocha -t 30000 test.js'.
23 error Make sure you have the latest version of node.js and npm installed.
23 error If you do, this is most likely a problem with the smoke-test package,
23 error not with npm itself.
23 error Tell the author that this fails on your system:
23 error     mocha -t 30000 test.js
23 error You can get information on how to open an issue for this project with:
23 error     npm bugs smoke-test
23 error Or if that isn't available, you can get their info via:
23 error     npm owner ls smoke-test
23 error There is likely additional logging output above.
24 verbose exit [ 1, true ]
